{"D:\\Andela\\Projects\\TODO-APP\\src\\back-end\\model\\Todo.ts": {"path":"D:\\Andela\\Projects\\TODO-APP\\src\\back-end\\model\\Todo.ts","statementMap":{"0":{"start":{"line":2,"column":17},"end":{"line":2,"column":36}},"1":{"start":{"line":3,"column":15},"end":{"line":3,"column":30}},"2":{"start":{"line":13,"column":19},"end":{"line":17,"column":2}},"3":{"start":{"line":23,"column":0},"end":{"line":23,"column":52}}},"fnMap":{},"branchMap":{},"s":{"0":1,"1":1,"2":1,"3":1},"f":{},"b":{}}
,"D:\\Andela\\Projects\\TODO-APP\\src\\back-end\\model\\User.ts": {"path":"D:\\Andela\\Projects\\TODO-APP\\src\\back-end\\model\\User.ts","statementMap":{"0":{"start":{"line":1,"column":0},"end":{"line":1,"column":32}},"1":{"start":{"line":2,"column":15},"end":{"line":2,"column":30}},"2":{"start":{"line":5,"column":19},"end":{"line":9,"column":2}},"3":{"start":{"line":10,"column":0},"end":{"line":10,"column":52}}},"fnMap":{},"branchMap":{},"s":{"0":1,"1":1,"2":1,"3":1},"f":{},"b":{}}
}
